18/03 08:18:50 SEVERE agentware.AgentServiceImpl|agent could not handle message Message[coordinator,adv1,(CampaignReport CampaignReportEntry [tgt imps=16566.231676097705, ntg imps=0.0, cost=12.102232957177435])]
java.lang.ArithmeticException: / by zero
	at PineAppleAgent$CampaignData.accurityCalc(PineAppleAgent.java:857)
	at PineAppleAgent.handleCampaignReport(PineAppleAgent.java:590)
	at PineAppleAgent.messageReceived(PineAppleAgent.java:169)
	at se.sics.tasim.aw.AgentService.deliverToAgent(AgentService.java:130)
	at tau.tac.adx.agentware.AgentServiceImpl.deliverToAgent(AgentServiceImpl.java:135)
	at tau.tac.adx.agentware.SimClient.run(SimClient.java:437)
	at java.lang.Thread.run(Thread.java:745)
18/03 08:19:20 SEVERE agentware.AgentServiceImpl|agent could not handle message Message[coordinator,adv1,(CampaignReport CampaignReportEntry [tgt imps=1828.7411906064995, ntg imps=0.0, cost=0.1833602493026291])]
java.lang.ArithmeticException: / by zero
	at PineAppleAgent$CampaignData.accurityCalc(PineAppleAgent.java:857)
	at PineAppleAgent.handleCampaignReport(PineAppleAgent.java:590)
	at PineAppleAgent.messageReceived(PineAppleAgent.java:169)
	at se.sics.tasim.aw.AgentService.deliverToAgent(AgentService.java:130)
	at tau.tac.adx.agentware.AgentServiceImpl.deliverToAgent(AgentServiceImpl.java:135)
	at tau.tac.adx.agentware.SimClient.run(SimClient.java:437)
	at java.lang.Thread.run(Thread.java:745)
18/03 08:19:50 SEVERE agentware.AgentServiceImpl|agent could not handle message Message[coordinator,adv1,(CampaignReport CampaignReportEntry [tgt imps=5338.586009112685, ntg imps=0.0, cost=0.0])]
java.lang.ArithmeticException: / by zero
	at PineAppleAgent$CampaignData.accurityCalc(PineAppleAgent.java:857)
	at PineAppleAgent.handleCampaignReport(PineAppleAgent.java:590)
	at PineAppleAgent.messageReceived(PineAppleAgent.java:169)
	at se.sics.tasim.aw.AgentService.deliverToAgent(AgentService.java:130)
	at tau.tac.adx.agentware.AgentServiceImpl.deliverToAgent(AgentServiceImpl.java:135)
	at tau.tac.adx.agentware.SimClient.run(SimClient.java:437)
	at java.lang.Thread.run(Thread.java:745)
